\BOOKMARK [1][-]{section.1}{\376\377\000I\000n\000t\000r\000o\000d\000u\000c\000t\000i\000o\000n}{}% 1
\BOOKMARK [2][-]{subsection.1.1}{\376\377\000C\000o\000n\000t\000e\000x\000t}{section.1}% 2
\BOOKMARK [3][-]{subsubsection.1.1.1}{\376\377\000G\000r\000a\000m\000m\000a\000r\000\040\000R\000u\000l\000e\000s}{subsection.1.1}% 3
\BOOKMARK [3][-]{subsubsection.1.1.2}{\376\377\000F\000i\000r\000s\000t\000\040\000a\000n\000d\000\040\000F\000o\000l\000l\000o\000w\000\040\000S\000e\000t\000s\000\040\000o\000f\000\040\000G\000r\000a\000m\000m\000a\000r}{subsection.1.1}% 4
\BOOKMARK [2][-]{subsection.1.2}{\376\377\000U\000s\000a\000g\000e}{section.1}% 5
\BOOKMARK [2][-]{subsection.1.3}{\376\377\000P\000l\000a\000t\000f\000o\000r\000m}{section.1}% 6
\BOOKMARK [1][-]{section.2}{\376\377\000D\000a\000t\000a\000\040\000S\000t\000r\000u\000c\000t\000u\000r\000e\000s}{}% 7
\BOOKMARK [1][-]{section.3}{\376\377\000F\000u\000n\000c\000t\000i\000o\000n\000s}{}% 8
\BOOKMARK [2][-]{subsection.3.1}{\376\377\000M\000a\000i\000n}{section.3}% 9
\BOOKMARK [2][-]{subsection.3.2}{\376\377\000T\000o\000k\000e\000n\000\040\000V\000a\000l\000i\000d\000a\000t\000i\000o\000n}{section.3}% 10
\BOOKMARK [3][-]{subsubsection.3.2.1}{\376\377\000v\000o\000i\000d\000\040\000e\000r\000r\000o\000r\000\050\000c\000h\000a\000r\000\040\000*\000m\000e\000s\000s\000a\000g\000e\000\051}{subsection.3.2}% 11
\BOOKMARK [3][-]{subsubsection.3.2.2}{\376\377\000v\000o\000i\000d\000\040\000g\000e\000t\000T\000o\000k\000e\000n\000\050\000\051}{subsection.3.2}% 12
\BOOKMARK [3][-]{subsubsection.3.2.3}{\376\377\000v\000o\000i\000d\000\040\000m\000a\000t\000c\000h\000\050\000c\000h\000a\000r\000\040\000c\000,\000\040\000c\000h\000a\000r\000*\000\040\000m\000e\000s\000s\000a\000g\000e\000\051}{subsection.3.2}% 13
\BOOKMARK [2][-]{subsection.3.3}{\376\377\000G\000r\000a\000m\000m\000a\000r\000\040\000F\000u\000n\000c\000t\000i\000o\000n\000s}{section.3}% 14
\BOOKMARK [3][-]{subsubsection.3.3.1}{\376\377\000v\000o\000i\000d\000\040\000i\000n\000p\000u\000t\000\050\000\051}{subsection.3.3}% 15
\BOOKMARK [3][-]{subsubsection.3.3.2}{\376\377\000v\000o\000i\000d\000\040\000s\000o\000n\000g\000\050\000C\000h\000o\000r\000d\000N\000o\000d\000e\000*\000*\000\040\000h\000e\000a\000d\000\051}{subsection.3.3}% 16
\BOOKMARK [3][-]{subsubsection.3.3.3}{\376\377\000v\000o\000i\000d\000\040\000b\000a\000r\000\050\000C\000h\000o\000r\000d\000N\000o\000d\000e\000*\000*\000\040\000h\000e\000a\000d\000\051}{subsection.3.3}% 17
\BOOKMARK [3][-]{subsubsection.3.3.4}{\376\377\000v\000o\000i\000d\000\040\000m\000e\000t\000e\000r\000\050\000\051}{subsection.3.3}% 18
\BOOKMARK [3][-]{subsubsection.3.3.5}{\376\377\000i\000n\000t\000\040\000n\000u\000m\000e\000r\000a\000t\000o\000r\000\050\000\051}{subsection.3.3}% 19
\BOOKMARK [3][-]{subsubsection.3.3.6}{\376\377\000i\000n\000t\000\040\000d\000e\000n\000o\000m\000i\000n\000a\000t\000o\000r\000\050\000\051}{subsection.3.3}% 20
\BOOKMARK [3][-]{subsubsection.3.3.7}{\376\377\000v\000o\000i\000d\000\040\000c\000h\000o\000r\000d\000s\000\050\000C\000h\000o\000r\000d\000N\000o\000d\000e\000*\000*\000\040\000h\000e\000a\000d\000\051}{subsection.3.3}% 21
\BOOKMARK [3][-]{subsubsection.3.3.8}{\376\377\000v\000o\000i\000d\000\040\000c\000h\000o\000r\000d\000\050\000C\000h\000o\000r\000d\000*\000\040\000c\000h\000o\000r\000d\000\051}{subsection.3.3}% 22
\BOOKMARK [3][-]{subsubsection.3.3.9}{\376\377\000v\000o\000i\000d\000\040\000r\000o\000o\000t\000\050\000c\000h\000a\000r\000*\000\040\000r\000o\000o\000t\000\051}{subsection.3.3}% 23
\BOOKMARK [3][-]{subsubsection.3.3.10}{\376\377\000v\000o\000i\000d\000\040\000n\000o\000t\000e\000\050\000c\000h\000a\000r\000*\000\040\000r\000e\000s\000\051}{subsection.3.3}% 24
\BOOKMARK [3][-]{subsubsection.3.3.11}{\376\377\000c\000h\000a\000r\000\040\000l\000e\000t\000t\000e\000r\000\050\000\051}{subsection.3.3}% 25
\BOOKMARK [3][-]{subsubsection.3.3.12}{\376\377\000c\000h\000a\000r\000\040\000a\000c\000c\000\050\000\051}{subsection.3.3}% 26
\BOOKMARK [3][-]{subsubsection.3.3.13}{\376\377\000v\000o\000i\000d\000\040\000d\000e\000s\000c\000r\000i\000p\000t\000i\000o\000n\000\050\000C\000h\000o\000r\000d\000*\000\040\000c\000h\000o\000r\000d\000\051}{subsection.3.3}% 27
\BOOKMARK [3][-]{subsubsection.3.3.14}{\376\377\000c\000h\000a\000r\000\040\000q\000u\000a\000l\000\050\000\051}{subsection.3.3}% 28
\BOOKMARK [3][-]{subsubsection.3.3.15}{\376\377\000v\000o\000i\000d\000\040\000q\000n\000u\000m\000\050\000C\000h\000o\000r\000d\000*\000\040\000c\000h\000o\000r\000d\000\051}{subsection.3.3}% 29
\BOOKMARK [3][-]{subsubsection.3.3.16}{\376\377\000i\000n\000t\000\040\000n\000u\000m\000\050\000\051}{subsection.3.3}% 30
\BOOKMARK [3][-]{subsubsection.3.3.17}{\376\377\000v\000o\000i\000d\000\040\000s\000u\000s\000\050\000C\000h\000o\000r\000d\000*\000\040\000c\000h\000o\000r\000d\000\051}{subsection.3.3}% 31
\BOOKMARK [3][-]{subsubsection.3.3.18}{\376\377\000v\000o\000i\000d\000\040\000b\000a\000s\000s\000\050\000c\000h\000a\000r\000*\000\040\000b\000a\000s\000s\000\051}{subsection.3.3}% 32
\BOOKMARK [2][-]{subsection.3.4}{\376\377\000C\000h\000o\000r\000d\000\040\000C\000a\000l\000c\000u\000l\000a\000t\000o\000r\000\040\000F\000u\000n\000c\000t\000i\000o\000n\000s}{section.3}% 33
\BOOKMARK [3][-]{subsubsection.3.4.1}{\376\377\000C\000h\000o\000r\000d\000N\000o\000d\000e\000*\000\040\000c\000r\000e\000a\000t\000e\000N\000o\000d\000e\000\050\000C\000h\000o\000r\000d\000\040\000c\000h\000o\000r\000d\000\051}{subsection.3.4}% 34
\BOOKMARK [3][-]{subsubsection.3.4.2}{\376\377\000C\000h\000o\000r\000d\000N\000o\000d\000e\000*\000\040\000a\000p\000p\000e\000n\000d\000C\000h\000o\000r\000d\000\050\000C\000h\000o\000r\000d\000N\000o\000d\000e\000*\000\040\000h\000e\000a\000d\000,\000\040\000C\000h\000o\000r\000d\000\040\000c\000h\000o\000r\000d\000\051}{subsection.3.4}% 35
\BOOKMARK [3][-]{subsubsection.3.4.3}{\376\377\000v\000o\000i\000d\000\040\000p\000r\000i\000n\000t\000C\000h\000o\000r\000d\000s\000\050\000C\000h\000o\000r\000d\000N\000o\000d\000e\000*\000\040\000h\000e\000a\000d\000\051}{subsection.3.4}% 36
\BOOKMARK [3][-]{subsubsection.3.4.4}{\376\377\000v\000o\000i\000d\000\040\000c\000r\000e\000a\000t\000e\000C\000h\000o\000r\000d\000A\000r\000r\000\050\000C\000h\000o\000r\000d\000*\000\040\000c\000h\000o\000r\000d\000,\000\040\000i\000n\000t\000*\000\040\000a\000r\000r\000\051}{subsection.3.4}% 37
\BOOKMARK [3][-]{subsubsection.3.4.5}{\376\377\000i\000n\000t\000\040\000n\000o\000t\000e\000T\000o\000P\000i\000t\000c\000h\000C\000l\000a\000s\000s\000\050\000c\000o\000n\000s\000t\000\040\000c\000h\000a\000r\000*\000\040\000r\000o\000o\000t\000\051}{subsection.3.4}% 38
\BOOKMARK [3][-]{subsubsection.3.4.6}{\376\377\000v\000o\000i\000d\000\040\000p\000r\000i\000n\000t\000C\000h\000o\000r\000d\000\050\000C\000h\000o\000r\000d\000*\000\040\000c\000h\000o\000r\000d\000\051}{subsection.3.4}% 39
\BOOKMARK [3][-]{subsubsection.3.4.7}{\376\377\000v\000o\000i\000d\000\040\000f\000r\000e\000e\000C\000h\000o\000r\000d\000s\000\050\000C\000h\000o\000r\000d\000N\000o\000d\000e\000*\000\040\000h\000e\000a\000d\000\051}{subsection.3.4}% 40
\BOOKMARK [1][-]{section.4}{\376\377\000T\000e\000s\000t\000\040\000a\000n\000d\000\040\000R\000e\000s\000u\000l\000t\000s}{}% 41
\BOOKMARK [1][-]{section.5}{\376\377\000D\000i\000s\000c\000u\000s\000s\000i\000o\000n}{}% 42
